=== puma startup: 2021-11-03 04:03:46 +0000 ===
- Gracefully stopping, waiting for requests to finish
=== puma shutdown: 2021-11-03 04:04:24 +0000 ===
- Goodbye!
Exiting
=== puma startup: 2021-11-03 05:04:25 +0000 ===
- Gracefully stopping, waiting for requests to finish
=== puma shutdown: 2021-11-03 05:10:15 +0000 ===
- Goodbye!
Exiting
=== puma startup: 2021-11-03 05:10:26 +0000 ===
=== puma startup: 2021-11-03 05:29:20 +0000 ===
- Gracefully stopping, waiting for requests to finish
=== puma shutdown: 2021-11-03 05:29:32 +0000 ===
- Goodbye!
Exiting
=== puma startup: 2021-11-03 05:29:42 +0000 ===
- Gracefully stopping, waiting for requests to finish
=== puma shutdown: 2021-11-03 05:33:31 +0000 ===
- Goodbye!
Exiting
